<?xml version="1.0" encoding="UTF-8"?>
<testsuite name="dev.hyperiontech.composecolorprism.util.ColorPickerGeometryTest" tests="7" skipped="0" failures="0" errors="0" timestamp="2025-10-19T12:02:12.608Z" hostname="Valdrins-MacBook-Pro.local" time="0.001">
  <properties/>
  <testcase name="radToDeg_convertsRadians_valueIsCorrect" classname="dev.hyperiontech.composecolorprism.util.ColorPickerGeometryTest" time="0.0"/>
  <testcase name="constants_default_valueIsCorrect" classname="dev.hyperiontech.composecolorprism.util.ColorPickerGeometryTest" time="0.0"/>
  <testcase name="calculateAngle_center_returnsZero" classname="dev.hyperiontech.composecolorprism.util.ColorPickerGeometryTest" time="0.001"/>
  <testcase name="hueDegToRad_normalizesAngles_valueIsIn0To2Pi" classname="dev.hyperiontech.composecolorprism.util.ColorPickerGeometryTest" time="0.0"/>
  <testcase name="calculateAngle_quadrants_returnsExpectedAngles" classname="dev.hyperiontech.composecolorprism.util.ColorPickerGeometryTest" time="0.0"/>
  <testcase name="degToRad_convertsDegrees_valueIsCorrect" classname="dev.hyperiontech.composecolorprism.util.ColorPickerGeometryTest" time="0.0"/>
  <testcase name="radToHueDeg_normalizesAngles_valueIsIn0To360" classname="dev.hyperiontech.composecolorprism.util.ColorPickerGeometryTest" time="0.0"/>
  <system-out><![CDATA[]]></system-out>
  <system-err><![CDATA[]]></system-err>
</testsuite>
