<?xml version="1.0" encoding="UTF-8"?>
<testsuite name="dev.hyperiontech.composecolorprism.styles.wheel.ColorPickerWheelGeometryTest" tests="17" skipped="0" failures="0" errors="0" timestamp="2025-10-19T12:02:12.602Z" hostname="Valdrins-MacBook-Pro.local" time="0.003">
  <properties/>
  <testcase name="rect_scaleFactorZero_valueIsCollapsed" classname="dev.hyperiontech.composecolorprism.styles.wheel.ColorPickerWheelGeometryTest" time="0.001"/>
  <testcase name="getOffsetFromSaturationValue_zeroSaturationZeroValue_returnsBottomLeft" classname="dev.hyperiontech.composecolorprism.styles.wheel.ColorPickerWheelGeometryTest" time="0.0"/>
  <testcase name="getOffsetFromSaturationValue_nonZeroBounds_returnsCorrectGetOffset" classname="dev.hyperiontech.composecolorprism.styles.wheel.ColorPickerWheelGeometryTest" time="0.0"/>
  <testcase name="getOffsetFromSaturationValue_fullSaturationZeroValue_returnsBottomRight" classname="dev.hyperiontech.composecolorprism.styles.wheel.ColorPickerWheelGeometryTest" time="0.0"/>
  <testcase name="rect_givenOffset_valueIsCorrect" classname="dev.hyperiontech.composecolorprism.styles.wheel.ColorPickerWheelGeometryTest" time="0.0"/>
  <testcase name="computePanelKnobColorFromPosition_outsideBounds_valueIsClamped" classname="dev.hyperiontech.composecolorprism.styles.wheel.ColorPickerWheelGeometryTest" time="0.0"/>
  <testcase name="panelKnobPosition_outsideBounds_valueIsClamped" classname="dev.hyperiontech.composecolorprism.styles.wheel.ColorPickerWheelGeometryTest" time="0.0"/>
  <testcase name="squareSizeAndPosition_default_valueIsCorrect" classname="dev.hyperiontech.composecolorprism.styles.wheel.ColorPickerWheelGeometryTest" time="0.0"/>
  <testcase name="panelKnobPosition_insideBounds_valueIsUnchanged" classname="dev.hyperiontech.composecolorprism.styles.wheel.ColorPickerWheelGeometryTest" time="0.0"/>
  <testcase name="panelKnobPosition_unspecified_valueIsTopRight" classname="dev.hyperiontech.composecolorprism.styles.wheel.ColorPickerWheelGeometryTest" time="0.0"/>
  <testcase name="computePanelKnobColorFromPosition_bottomRight_valueIsFullSaturationZeroValue" classname="dev.hyperiontech.composecolorprism.styles.wheel.ColorPickerWheelGeometryTest" time="0.0"/>
  <testcase name="rect_scaleFactor_valueIsCorrect" classname="dev.hyperiontech.composecolorprism.styles.wheel.ColorPickerWheelGeometryTest" time="0.0"/>
  <testcase name="computePanelKnobColorFromPosition_topRight_valueIsFullSaturationFullValue" classname="dev.hyperiontech.composecolorprism.styles.wheel.ColorPickerWheelGeometryTest" time="0.0"/>
  <testcase name="getOffsetFromSaturationValue_fullSaturationFullValue_returnsTopRight" classname="dev.hyperiontech.composecolorprism.styles.wheel.ColorPickerWheelGeometryTest" time="0.001"/>
  <testcase name="getOffsetFromSaturationValue_halfSaturationHalfValue_returnsCenter" classname="dev.hyperiontech.composecolorprism.styles.wheel.ColorPickerWheelGeometryTest" time="0.0"/>
  <testcase name="getOffsetFromSaturationValue_zeroSaturationFullValue_returnsTopLeft" classname="dev.hyperiontech.composecolorprism.styles.wheel.ColorPickerWheelGeometryTest" time="0.0"/>
  <testcase name="computePanelKnobColorFromPosition_topLeft_valueIsZeroSaturationFullValue" classname="dev.hyperiontech.composecolorprism.styles.wheel.ColorPickerWheelGeometryTest" time="0.0"/>
  <system-out><![CDATA[]]></system-out>
  <system-err><![CDATA[]]></system-err>
</testsuite>
