<?xml version="1.0" encoding="UTF-8"?>
<testsuite name="dev.hyperiontech.composecolorprism.util.ExtensionsTest" tests="9" skipped="0" failures="0" errors="0" timestamp="2025-10-19T12:02:12.624Z" hostname="Valdrins-MacBook-Pro.local" time="0.001">
  <properties/>
  <testcase name="toHsv_gray_valueIsCorrect" classname="dev.hyperiontech.composecolorprism.util.ExtensionsTest" time="0.0"/>
  <testcase name="toHsv_blue_valueIsCorrect" classname="dev.hyperiontech.composecolorprism.util.ExtensionsTest" time="0.0"/>
  <testcase name="toHex_withoutAlpha_valueIsCorrect" classname="dev.hyperiontech.composecolorprism.util.ExtensionsTest" time="0.001"/>
  <testcase name="toHex_withAlpha_valueIsCorrect" classname="dev.hyperiontech.composecolorprism.util.ExtensionsTest" time="0.0"/>
  <testcase name="toHsv_partialAlphaColor_valueIsCorrect" classname="dev.hyperiontech.composecolorprism.util.ExtensionsTest" time="0.0"/>
  <testcase name="toHsv_green_valueIsCorrect" classname="dev.hyperiontech.composecolorprism.util.ExtensionsTest" time="0.0"/>
  <testcase name="toHsv_red_valueIsCorrect" classname="dev.hyperiontech.composecolorprism.util.ExtensionsTest" time="0.0"/>
  <testcase name="toHsv_black_valueIsCorrect" classname="dev.hyperiontech.composecolorprism.util.ExtensionsTest" time="0.0"/>
  <testcase name="toHsv_white_valueIsCorrect" classname="dev.hyperiontech.composecolorprism.util.ExtensionsTest" time="0.0"/>
  <system-out><![CDATA[]]></system-out>
  <system-err><![CDATA[]]></system-err>
</testsuite>
